Base path: C:/Program Files (x86)/Unity/Editor/Data
Pipe name: \\.\pipe\UnityShaderCompiler-7-10400
Cmd: getPlatforms
Cmd: compileSnippet
  api=0 type=0 insize=6009 outsize=1534 kw=DIRECTIONAL SHADOWS_SCREEN LIGHTMAP_OFF DIRLIGHTMAP_OFF ok=1
Cmd: compileSnippet
  api=8 type=0 insize=6009 outsize=8694 kw=DIRECTIONAL SHADOWS_OFF LIGHTMAP_OFF DIRLIGHTMAP_OFF VERTEXLIGHT_ON ok=1
Cmd: compileSnippet
  api=4 type=1 insize=6009 outsize=1030 kw=DIRECTIONAL SHADOWS_OFF LIGHTMAP_ON DIRLIGHTMAP_OFF ok=1
Cmd: compileSnippet
  api=1 type=1 insize=6009 outsize=370 kw=DIRECTIONAL SHADOWS_SCREEN LIGHTMAP_ON DIRLIGHTMAP_OFF ok=1
Cmd: compileSnippet
  api=0 type=0 insize=3852 outsize=1314 kw=POINT ok=1
Cmd: compileSnippet
  api=4 type=0 insize=3852 outsize=3630 kw=POINT_COOKIE ok=1
Cmd: compileSnippet
  api=1 type=1 insize=3852 outsize=1100 kw=POINT ok=1
Cmd: compileSnippet
  api=0 type=1 insize=3852 outsize=1295 kw=POINT_COOKIE ok=1
Cmd: compileSnippet
  api=4 type=1 insize=3852 outsize=3151 kw=POINT_COOKIE ok=1
Unhandled exception: Readfile from pipe failed. GLE=The pipe has been ended.


Quitting shader compiler process
