Base path: C:/Program Files (x86)/Unity/Editor/Data
Pipe name: \\.\pipe\UnityShaderCompiler-8-11156
Cmd: getPlatforms
Cmd: compileSnippet
  api=0 type=0 insize=6009 outsize=438 kw=DIRECTIONAL SHADOWS_OFF LIGHTMAP_ON DIRLIGHTMAP_OFF ok=1
Cmd: compileSnippet
  api=4 type=0 insize=6009 outsize=1883 kw=DIRECTIONAL SHADOWS_SCREEN LIGHTMAP_ON DIRLIGHTMAP_OFF ok=1
Cmd: compileSnippet
  api=0 type=0 insize=6009 outsize=2196 kw=DIRECTIONAL SHADOWS_SCREEN LIGHTMAP_OFF DIRLIGHTMAP_OFF VERTEXLIGHT_ON ok=1
Cmd: compileSnippet
  api=1 type=1 insize=6009 outsize=964 kw=DIRECTIONAL SHADOWS_OFF LIGHTMAP_OFF DIRLIGHTMAP_OFF ok=1
Cmd: compileSnippet
  api=4 type=1 insize=6009 outsize=1575 kw=DIRECTIONAL SHADOWS_SCREEN LIGHTMAP_ON DIRLIGHTMAP_OFF ok=1
Cmd: compileSnippet
  api=0 type=0 insize=3852 outsize=1351 kw=SPOT ok=1
Cmd: compileSnippet
  api=0 type=0 insize=3852 outsize=1234 kw=DIRECTIONAL_COOKIE ok=1
Cmd: compileSnippet
  api=8 type=1 insize=3852 outsize=4510 kw=POINT ok=1
Unhandled exception: Readfile from pipe failed. GLE=The pipe has been ended.


Quitting shader compiler process
